<?xml version="1.0" encoding="UTF-8"?>
<testng-results ignored="0" total="1" passed="1" failed="0" skipped="0">
  <reporter-output>
  </reporter-output>
  <suite started-at="2024-10-07T00:42:23 IST" name="Default suite" finished-at="2024-10-07T00:42:39 IST" duration-ms="16123">
    <groups>
    </groups>
    <test started-at="2024-10-07T00:42:23 IST" name="Default test" finished-at="2024-10-07T00:42:39 IST" duration-ms="16123">
      <class name="uiElements.FileDownload">
        <test-method is-config="true" signature="lauchApplication()[pri:0, instance:uiElements.FileDownload@17046283]" started-at="2024-10-07T00:42:23 IST" name="lauchApplication" finished-at="2024-10-07T00:42:23 IST" duration-ms="10" status="PASS">
          <reporter-output>
          </reporter-output>
        </test-method> <!-- lauchApplication -->
        <test-method is-config="true" signature="beforeClass()[pri:0, instance:uiElements.FileDownload@17046283]" started-at="2024-10-07T00:42:23 IST" name="beforeClass" finished-at="2024-10-07T00:42:27 IST" duration-ms="3283" status="PASS">
          <reporter-output>
          </reporter-output>
        </test-method> <!-- beforeClass -->
        <test-method is-config="true" signature="beforeMethod(java.lang.reflect.Method)[pri:0, instance:uiElements.FileDownload@17046283]" started-at="2024-10-07T00:42:27 IST" name="beforeMethod" finished-at="2024-10-07T00:42:27 IST" duration-ms="2" status="PASS">
          <params>
            <param index="0">
              <value>
                <![CDATA[public void uiElements.FileDownload.TestFileDownload() throws java.lang.InterruptedException]]>
              </value>
            </param>
          </params>
          <reporter-output>
          </reporter-output>
        </test-method> <!-- beforeMethod -->
        <test-method signature="TestFileDownload()[pri:0, instance:uiElements.FileDownload@17046283]" started-at="2024-10-07T00:42:27 IST" name="TestFileDownload" finished-at="2024-10-07T00:42:39 IST" duration-ms="12525" status="PASS">
          <reporter-output>
          </reporter-output>
        </test-method> <!-- TestFileDownload -->
        <test-method is-config="true" signature="afterMethod(java.lang.reflect.Method)[pri:0, instance:uiElements.FileDownload@17046283]" started-at="2024-10-07T00:42:39 IST" name="afterMethod" finished-at="2024-10-07T00:42:39 IST" duration-ms="8" status="PASS">
          <params>
            <param index="0">
              <value>
                <![CDATA[public void uiElements.FileDownload.TestFileDownload() throws java.lang.InterruptedException]]>
              </value>
            </param>
          </params>
          <reporter-output>
          </reporter-output>
        </test-method> <!-- afterMethod -->
        <test-method is-config="true" signature="closeApplication()[pri:0, instance:uiElements.FileDownload@17046283]" started-at="2024-10-07T00:42:39 IST" name="closeApplication" finished-at="2024-10-07T00:42:39 IST" duration-ms="235" status="PASS">
          <reporter-output>
          </reporter-output>
        </test-method> <!-- closeApplication -->
        <test-method is-config="true" signature="quitDrivers()[pri:0, instance:uiElements.FileDownload@17046283]" started-at="2024-10-07T00:42:39 IST" name="quitDrivers" finished-at="2024-10-07T00:42:39 IST" duration-ms="1" status="PASS">
          <reporter-output>
          </reporter-output>
        </test-method> <!-- quitDrivers -->
      </class> <!-- uiElements.FileDownload -->
    </test> <!-- Default test -->
  </suite> <!-- Default suite -->
</testng-results>
