<?xml version="1.0" encoding="UTF-8"?>
<!-- Generated by org.testng.reporters.JUnitReportReporter -->
<testsuite hostname="sayan-Vostro-3558" failures="0" tests="2" name="uiElements.DynamicLoading" time="31.340" errors="0" timestamp="2024-10-05T01:25:52 IST" skipped="0">
  <testcase classname="uiElements.DynamicLoading" name="TestExampleOne" time="24.177"/>
  <system-out/>
  <testcase classname="uiElements.DynamicLoading" name="TestExampleTwo" time="7.163"/>
  <system-out/>
</testsuite> <!-- uiElements.DynamicLoading -->
