<?xml version="1.0" encoding="UTF-8"?>
<testng-results ignored="0" total="1" passed="1" failed="0" skipped="0">
  <reporter-output>
  </reporter-output>
  <suite started-at="2024-11-05T10:11:10 IST" name="Default suite" finished-at="2024-11-05T10:11:21 IST" duration-ms="11481">
    <groups>
    </groups>
    <test started-at="2024-11-05T10:11:10 IST" name="Default test" finished-at="2024-11-05T10:11:21 IST" duration-ms="11481">
      <class name="TestRunner">
        <test-method signature="SoapTest()[pri:0, instance:TestRunner@10d68fcd]" started-at="2024-11-05T10:11:10 IST" name="SoapTest" finished-at="2024-11-05T10:11:21 IST" duration-ms="11396" status="PASS">
          <reporter-output>
          </reporter-output>
        </test-method> <!-- SoapTest -->
      </class> <!-- TestRunner -->
    </test> <!-- Default test -->
  </suite> <!-- Default suite -->
</testng-results>
