<?xml version="1.0" encoding="UTF-8"?>
<testng-results ignored="0" total="1" passed="1" failed="0" skipped="0">
  <reporter-output>
  </reporter-output>
  <suite started-at="2025-01-09T01:53:30 IST" name="Default suite" finished-at="2025-01-09T01:53:45 IST" duration-ms="15370">
    <groups>
    </groups>
    <test started-at="2025-01-09T01:53:30 IST" name="Default test" finished-at="2025-01-09T01:53:45 IST" duration-ms="15370">
      <class name="test.PaymentGatewayTest">
        <test-method is-config="true" signature="setUp()[pri:0, instance:test.PaymentGatewayTest@63355449]" started-at="2025-01-09T01:53:30 IST" name="setUp" finished-at="2025-01-09T01:53:30 IST" duration-ms="17" status="PASS">
          <reporter-output>
          </reporter-output>
        </test-method> <!-- setUp -->
        <test-method signature="testMultipleUsersBuyingSameItem()[pri:0, instance:test.PaymentGatewayTest@63355449]" started-at="2025-01-09T01:53:30 IST" name="testMultipleUsersBuyingSameItem" finished-at="2025-01-09T01:53:45 IST" duration-ms="15264" status="PASS">
          <reporter-output>
          </reporter-output>
        </test-method> <!-- testMultipleUsersBuyingSameItem -->
      </class> <!-- test.PaymentGatewayTest -->
    </test> <!-- Default test -->
  </suite> <!-- Default suite -->
</testng-results>
